Using pre-set license
Built from '2020.3/release' branch; Version is '2020.3.7f1 (dd97f2c94397) revision 14522354'; Using compiler version '192528614'; Build Type 'Release'
OS: 'Windows 10 Home; OS build 19041.928; Version 2004; 64bit' Language: 'en' Physical Memory: 16298 MB
BatchMode: 1, IsHumanControllingUs: 0, StartBugReporterOnCrash: 0, Is64bit: 1, IsPro: 0

 COMMAND LINE ARGUMENTS:
D:\Program Files\2020.3.7f1\Editor\Unity.exe
-adb2
-batchMode
-noUpm
-name
AssetImportWorker1
-projectPath
F:/rehan/Work/Game/Story Game
-logFile
Logs/AssetImportWorker1.log
-srvPort
54592
Successfully changed project path to: F:/rehan/Work/Game/Story Game
F:/rehan/Work/Game/Story Game
Using Asset Import Pipeline V2.
Refreshing native plugins compatible for Editor in 44.17 ms, found 1 plugins.
Preloading 0 native plugins for Editor in 0.00 ms.
Initialize engine version: 2020.3.7f1 (dd97f2c94397)
[Subsystems] Discovering subsystems at path D:/Program Files/2020.3.7f1/Editor/Data/Resources/UnitySubsystems
[Subsystems] Discovering subsystems at path F:/rehan/Work/Game/Story Game/Assets
GfxDevice: creating device client; threaded=0
Direct3D:
    Version:  Direct3D 11.0 [level 11.1]
    Renderer: NVIDIA GeForce GTX 1060 6GB (ID=0x1c03)
    Vendor:   
    VRAM:     6052 MB
    Driver:   27.21.14.6089
Initialize mono
Mono path[0] = 'D:/Program Files/2020.3.7f1/Editor/Data/Managed'
Mono path[1] = 'D:/Program Files/2020.3.7f1/Editor/Data/MonoBleedingEdge/lib/mono/unityjit'
Mono config path = 'D:/Program Files/2020.3.7f1/Editor/Data/MonoBleedingEdge/etc'
Using monoOptions --debugger-agent=transport=dt_socket,embedding=1,server=y,suspend=n,address=127.0.0.1:56144
Begin MonoManager ReloadAssembly
Registering precompiled unity dll's ...
Register platform support module: D:/Program Files/2020.3.7f1/Editor/Data/PlaybackEngines/WindowsStandaloneSupport/UnityEditor.WindowsStandalone.Extensions.dll
Registered in 0.001382 seconds.
Native extension for WindowsStandalone target not found
Refreshing native plugins compatible for Editor in 42.44 ms, found 1 plugins.
Preloading 0 native plugins for Editor in 0.00 ms.
Mono: successfully reloaded assembly
- Completed reload, in  3.113 seconds
Platform modules already initialized, skipping
Registering precompiled user dll's ...
Registered in 0.000924 seconds.
Begin MonoManager ReloadAssembly
Native extension for WindowsStandalone target not found
Refreshing native plugins compatible for Editor in 41.11 ms, found 1 plugins.
Preloading 0 native plugins for Editor in 0.00 ms.
Mono: successfully reloaded assembly
- Completed reload, in  1.005 seconds
Platform modules already initialized, skipping
========================================================================
Worker process is ready to serve import requests
Launched and connected shader compiler UnityShaderCompiler.exe after 0.12 seconds
Refreshing native plugins compatible for Editor in 0.44 ms, found 1 plugins.
Preloading 0 native plugins for Editor in 0.00 ms.
Unloading 1958 Unused Serialized files (Serialized files now loaded: 0)
System memory in use before: 90.8 MB.
System memory in use after: 90.9 MB.

Unloading 32 unused Assets to reduce memory usage. Loaded Objects now: 2392.
Total: 2.336800 ms (FindLiveObjects: 0.230100 ms CreateObjectMapping: 0.244900 ms MarkObjects: 1.782100 ms  DeleteObjects: 0.078400 ms)

========================================================================
Received Import Request.
  path: Assets/Scripts/DialogManager.cs
  artifactKey: Guid(ebb163aba76fa6c48a9bc84b968b9933) Importer(815301076,1909f56bfc062723c751e8b465ee728b)
Start importing Assets/Scripts/DialogManager.cs using Guid(ebb163aba76fa6c48a9bc84b968b9933) Importer(815301076,1909f56bfc062723c751e8b465ee728b)  -> (artifact id: 'df81cf28fd518f7473833a08c7e15847') in 0.104301 seconds
  Import took 0.107883 seconds .

========================================================================
Received Import Request.
  Time since last request: 836.670017 seconds.
  path: Assets/Scripts/DialogManager.cs
  artifactKey: Guid(ebb163aba76fa6c48a9bc84b968b9933) Importer(815301076,1909f56bfc062723c751e8b465ee728b)
Start importing Assets/Scripts/DialogManager.cs using Guid(ebb163aba76fa6c48a9bc84b968b9933) Importer(815301076,1909f56bfc062723c751e8b465ee728b)  -> (artifact id: '867fd944025ac13c572adc14c6c95972') in 0.003120 seconds
  Import took 0.006983 seconds .

========================================================================
Received Import Request.
  Time since last request: 27.598544 seconds.
  path: Assets/Scripts/DialogManager.cs
  artifactKey: Guid(ebb163aba76fa6c48a9bc84b968b9933) Importer(815301076,1909f56bfc062723c751e8b465ee728b)
Start importing Assets/Scripts/DialogManager.cs using Guid(ebb163aba76fa6c48a9bc84b968b9933) Importer(815301076,1909f56bfc062723c751e8b465ee728b)  -> (artifact id: '73e9d0972c811731b161fe1b8f4f3a09') in 0.002369 seconds
  Import took 0.005914 seconds .

========================================================================
Received Import Request.
  Time since last request: 86.661066 seconds.
  path: Assets/Scripts/DialogManager.cs
  artifactKey: Guid(ebb163aba76fa6c48a9bc84b968b9933) Importer(815301076,1909f56bfc062723c751e8b465ee728b)
Start importing Assets/Scripts/DialogManager.cs using Guid(ebb163aba76fa6c48a9bc84b968b9933) Importer(815301076,1909f56bfc062723c751e8b465ee728b)  -> (artifact id: '157d4533cc542aff42910d085b0fed39') in 0.002710 seconds
  Import took 0.006010 seconds .

========================================================================
Received Import Request.
  Time since last request: 33.735990 seconds.
  path: Assets/Scripts/DialogManager.cs
  artifactKey: Guid(ebb163aba76fa6c48a9bc84b968b9933) Importer(815301076,1909f56bfc062723c751e8b465ee728b)
Start importing Assets/Scripts/DialogManager.cs using Guid(ebb163aba76fa6c48a9bc84b968b9933) Importer(815301076,1909f56bfc062723c751e8b465ee728b)  -> (artifact id: 'e48560dab1e3b06c8a4f77ebbf4528a6') in 0.002710 seconds
  Import took 0.007072 seconds .

========================================================================
Received Prepare
Registering precompiled user dll's ...
Registered in 0.000947 seconds.
Begin MonoManager ReloadAssembly
Native extension for WindowsStandalone target not found
Refreshing native plugins compatible for Editor in 0.58 ms, found 1 plugins.
Preloading 0 native plugins for Editor in 0.00 ms.
Mono: successfully reloaded assembly
- Completed reload, in  1.185 seconds
Platform modules already initialized, skipping
Switching build target platform(5) subTarget(0) extendedPlatform(0) -> platform(13) subTarget(537395200) extendedPlatform(0)
Refreshing native plugins compatible for Editor in 0.50 ms, found 1 plugins.
Preloading 0 native plugins for Editor in 0.00 ms.
Unloading 1938 Unused Serialized files (Serialized files now loaded: 0)
System memory in use before: 88.9 MB.
System memory in use after: 89.0 MB.

Unloading 20 unused Assets to reduce memory usage. Loaded Objects now: 2396.
Total: 4.568200 ms (FindLiveObjects: 0.220800 ms CreateObjectMapping: 0.123300 ms MarkObjects: 4.178900 ms  DeleteObjects: 0.043200 ms)

AssetImportParameters requested are different than current active one (requested -> active):
  custom:graphics/normal-map-encoding: 01000000000000000000000000000000 -> 02000000000000000000000000000000
========================================================================
Received Prepare
Registering precompiled user dll's ...
Registered in 0.001042 seconds.
Begin MonoManager ReloadAssembly
Native extension for WindowsStandalone target not found
Refreshing native plugins compatible for Editor in 0.54 ms, found 1 plugins.
Preloading 0 native plugins for Editor in 0.00 ms.
Mono: successfully reloaded assembly
- Completed reload, in  0.991 seconds
Platform modules already initialized, skipping
Switching build target platform(5) subTarget(0) extendedPlatform(0) -> platform(13) subTarget(537395200) extendedPlatform(0)
Refreshing native plugins compatible for Editor in 0.48 ms, found 1 plugins.
Preloading 0 native plugins for Editor in 0.00 ms.
Unloading 1938 Unused Serialized files (Serialized files now loaded: 0)
System memory in use before: 88.9 MB.
System memory in use after: 89.0 MB.

Unloading 20 unused Assets to reduce memory usage. Loaded Objects now: 2400.
Total: 2.450600 ms (FindLiveObjects: 0.216900 ms CreateObjectMapping: 0.087200 ms MarkObjects: 2.125100 ms  DeleteObjects: 0.019900 ms)

AssetImportParameters requested are different than current active one (requested -> active):
  custom:graphics/normal-map-encoding: 01000000000000000000000000000000 -> 02000000000000000000000000000000
========================================================================
Received Import Request.
  Time since last request: 3762.793394 seconds.
  path: Assets/Scripts/DialogManager.cs
  artifactKey: Guid(ebb163aba76fa6c48a9bc84b968b9933) Importer(815301076,1909f56bfc062723c751e8b465ee728b)
Start importing Assets/Scripts/DialogManager.cs using Guid(ebb163aba76fa6c48a9bc84b968b9933) Importer(815301076,1909f56bfc062723c751e8b465ee728b)  -> (artifact id: 'b023b01d8ea3a3c9be7e544d4ba8d041') in 0.004159 seconds
  Import took 0.007105 seconds .

========================================================================
Received Prepare
Registering precompiled user dll's ...
Registered in 0.001556 seconds.
Begin MonoManager ReloadAssembly
Native extension for WindowsStandalone target not found
Refreshing native plugins compatible for Editor in 0.49 ms, found 1 plugins.
Preloading 0 native plugins for Editor in 0.00 ms.
Mono: successfully reloaded assembly
- Completed reload, in  1.012 seconds
Platform modules already initialized, skipping
Switching build target platform(5) subTarget(0) extendedPlatform(0) -> platform(13) subTarget(537395200) extendedPlatform(0)
Refreshing native plugins compatible for Editor in 0.64 ms, found 1 plugins.
Preloading 0 native plugins for Editor in 0.00 ms.
Unloading 1938 Unused Serialized files (Serialized files now loaded: 0)
System memory in use before: 88.9 MB.
System memory in use after: 89.1 MB.

Unloading 20 unused Assets to reduce memory usage. Loaded Objects now: 2404.
Total: 2.798400 ms (FindLiveObjects: 0.201600 ms CreateObjectMapping: 0.078200 ms MarkObjects: 2.490800 ms  DeleteObjects: 0.026600 ms)

AssetImportParameters requested are different than current active one (requested -> active):
  custom:graphics/normal-map-encoding: 01000000000000000000000000000000 -> 02000000000000000000000000000000
========================================================================
Received Import Request.
  Time since last request: 378.288660 seconds.
  path: Assets/Scripts/DialogManager.cs
  artifactKey: Guid(ebb163aba76fa6c48a9bc84b968b9933) Importer(815301076,1909f56bfc062723c751e8b465ee728b)
Start importing Assets/Scripts/DialogManager.cs using Guid(ebb163aba76fa6c48a9bc84b968b9933) Importer(815301076,1909f56bfc062723c751e8b465ee728b)  -> (artifact id: 'cabcf0b798fdce595001bea9f93d4eba') in 0.003805 seconds
  Import took 0.006923 seconds .

========================================================================
Received Prepare
Registering precompiled user dll's ...
Registered in 0.001703 seconds.
Begin MonoManager ReloadAssembly
Native extension for WindowsStandalone target not found
Refreshing native plugins compatible for Editor in 0.58 ms, found 1 plugins.
Preloading 0 native plugins for Editor in 0.00 ms.
Mono: successfully reloaded assembly
- Completed reload, in  1.685 seconds
Platform modules already initialized, skipping
Switching build target platform(5) subTarget(0) extendedPlatform(0) -> platform(13) subTarget(537395200) extendedPlatform(0)
Refreshing native plugins compatible for Editor in 0.50 ms, found 1 plugins.
Preloading 0 native plugins for Editor in 0.00 ms.
Unloading 1938 Unused Serialized files (Serialized files now loaded: 0)
System memory in use before: 89.0 MB.
System memory in use after: 89.1 MB.

Unloading 20 unused Assets to reduce memory usage. Loaded Objects now: 2408.
Total: 2.277100 ms (FindLiveObjects: 0.205700 ms CreateObjectMapping: 0.085000 ms MarkObjects: 1.960200 ms  DeleteObjects: 0.025200 ms)

AssetImportParameters requested are different than current active one (requested -> active):
  custom:graphics/normal-map-encoding: 01000000000000000000000000000000 -> 02000000000000000000000000000000
AssetImportWorkerClient::OnTransportError - code=2 error=End of file
